
--- Scan e3304533-0e92-4f16-9921-f1656a78a701 started for https://ya.ru ---
Calling _scrape_site...
Starting async_playwright runtime... Domain: ya.ru
Scan failed with exception: 
Traceback (most recent call last):
  File "D:\Template\russian-lang\backend\app\services\scan_service.py", line 54, in _run_scan
    await _scrape_site(scan_id, url, max_depth, max_pages, db, debug_log)
  File "D:\Template\russian-lang\backend\app\services\scan_service.py", line 94, in _scrape_site
    async with async_playwright() as pw:
               ^^^^^^^^^^^^^^^^^^
  File "C:\Users\radin\AppData\Local\Programs\Python\Python312\Lib\site-packages\playwright\async_api\_context_manager.py", line 46, in __aenter__
    playwright = AsyncPlaywright(next(iter(done)).result())
                                 ^^^^^^^^^^^^^^^^^^^^^^^^^
  File "C:\Users\radin\AppData\Local\Programs\Python\Python312\Lib\site-packages\playwright\_impl\_transport.py", line 120, in connect
    self._proc = await asyncio.create_subprocess_exec(
                 ^^^^^^^^^^^^^^^^^^^^^^^^^^^^^^^^^^^^^
  File "C:\Users\radin\AppData\Local\Programs\Python\Python312\Lib\asyncio\subprocess.py", line 224, in create_subprocess_exec
    transport, protocol = await loop.subprocess_exec(
                          ^^^^^^^^^^^^^^^^^^^^^^^^^^^
  File "C:\Users\radin\AppData\Local\Programs\Python\Python312\Lib\asyncio\base_events.py", line 1756, in subprocess_exec
    transport = await self._make_subprocess_transport(
                ^^^^^^^^^^^^^^^^^^^^^^^^^^^^^^^^^^^^^^
  File "C:\Users\radin\AppData\Local\Programs\Python\Python312\Lib\asyncio\base_events.py", line 528, in _make_subprocess_transport
    raise NotImplementedError
NotImplementedError

--- Scan 6c04c669-6a6a-4374-932d-d5da63d13084 started for https://ya.ru ---
Calling _scrape_site...
Starting async_playwright runtime... Domain: ya.ru
Launching browser...
Browser launched.
Processing URL: https://ya.ru (depth 0)
Page created. Navigating...
Response status: 200
Text extracted (192 chars). Analyzing...
Scan completed successfully

--- Scan e701c87b-843c-44cf-ad73-f2cebd0f1410 started for https://solopharm.com/ ---
Calling _scrape_site...
Starting async_playwright runtime... Domain: solopharm.com
Launching browser...
Browser launched.
Processing URL: https://solopharm.com/ (depth 0)
Page created. Navigating...
Response status: 200
Text extracted (18495 chars). Analyzing...
Scan completed successfully
